19:00:09 **** Build of configuration Debug for project TP2 ****
make all 
Building file: ../Sources/ArrayEmployees.c
Invoking: GCC C Compiler
gcc -O0 -g3 -Wall -c -fmessage-length=0 -MMD -MP -MF"Sources/ArrayEmployees.d" -MT"Sources/ArrayEmployees.o" -o "Sources/ArrayEmployees.o" "../Sources/ArrayEmployees.c"
Finished building: ../Sources/ArrayEmployees.c
 
Building file: ../Sources/GetValues.c
Invoking: GCC C Compiler
gcc -O0 -g3 -Wall -c -fmessage-length=0 -MMD -MP -MF"Sources/GetValues.d" -MT"Sources/GetValues.o" -o "Sources/GetValues.o" "../Sources/GetValues.c"
Finished building: ../Sources/GetValues.c
 
Building file: ../Sources/Menu.c
Invoking: GCC C Compiler
gcc -O0 -g3 -Wall -c -fmessage-length=0 -MMD -MP -MF"Sources/Menu.d" -MT"Sources/Menu.o" -o "Sources/Menu.o" "../Sources/Menu.c"
Finished building: ../Sources/Menu.c
 
Building file: ../Sources/main.c
Invoking: GCC C Compiler
gcc -O0 -g3 -Wall -c -fmessage-length=0 -MMD -MP -MF"Sources/main.d" -MT"Sources/main.o" -o "Sources/main.o" "../Sources/main.c"
Finished building: ../Sources/main.c
 
Building target: TP2
Invoking: GCC C Linker
gcc  -o "TP2"  ./Sources/ArrayEmployees.o ./Sources/GetValues.o ./Sources/Menu.o ./Sources/main.o   
Finished building target: TP2
 

19:00:10 Build Finished. 0 errors, 0 warnings. (took 895ms)

